# JRE version: Java(TM) SE Runtime Environment (7.0_60-b19) (build 1.7.0_60-b19)
# Java VM: Java HotSpot(TM) 64-Bit Server VM (24.60-b09 mixed mode bsd-amd64 compressed oops)
Heap
 PSYoungGen      total 83968K, used 59641K [0x00000007aaa80000, 0x00000007b1400000, 0x0000000800000000)
  eden space 62976K, 67% used [0x00000007aaa80000,0x00000007ad3db040,0x00000007ae800000)
  from space 20992K, 82% used [0x00000007aff80000,0x00000007b1063768,0x00000007b1400000)
  to   space 22528K, 0% used [0x00000007ae800000,0x00000007ae800000,0x00000007afe00000)
 ParOldGen       total 174592K, used 20649K [0x0000000700000000, 0x000000070aa80000, 0x00000007aaa80000)
  object space 174592K, 11% used [0x0000000700000000,0x000000070142a6e8,0x000000070aa80000)
 PSPermGen       total 40448K, used 40003K [0x00000006fae00000, 0x00000006fd580000, 0x0000000700000000)
  object space 40448K, 98% used [0x00000006fae00000,0x00000006fd510c28,0x00000006fd580000)
GC Heap History (10 events):
Event: 3.795 GC heap before
{Heap before GC invocations=2 (full 0):
 PSYoungGen      total 76800K, used 74659K [0x00000007aaa80000, 0x00000007b0000000, 0x0000000800000000)
  eden space 66048K, 100% used [0x00000007aaa80000,0x00000007aeb00000,0x00000007aeb00000)
  from space 10752K, 80% used [0x00000007aeb00000,0x00000007af368e18,0x00000007af580000)
  to   space 10752K, 0% used [0x00000007af580000,0x00000007af580000,0x00000007b0000000)
 ParOldGen       total 174592K, used 8K [0x0000000700000000, 0x000000070aa80000, 0x00000007aaa80000)
  object space 174592K, 0% used [0x0000000700000000,0x0000000700002000,0x000000070aa80000)
 PSPermGen       total 21504K, used 20990K [0x00000006fae00000, 0x00000006fc300000, 0x0000000700000000)
  object space 21504K, 97% used [0x00000006fae00000,0x00000006fc27fbc0,0x00000006fc300000)
Event: 3.808 GC heap after
Heap after GC invocations=2 (full 0):
 PSYoungGen      total 76800K, used 10743K [0x00000007aaa80000, 0x00000007b0000000, 0x0000000800000000)
  eden space 66048K, 0% used [0x00000007aaa80000,0x00000007aaa80000,0x00000007aeb00000)
  from space 10752K, 99% used [0x00000007af580000,0x00000007afffdd30,0x00000007b0000000)
  to   space 10752K, 0% used [0x00000007aeb00000,0x00000007aeb00000,0x00000007af580000)
 ParOldGen       total 174592K, used 319K [0x0000000700000000, 0x000000070aa80000, 0x00000007aaa80000)
  object space 174592K, 0% used [0x0000000700000000,0x000000070004fd90,0x000000070aa80000)
 PSPermGen       total 21504K, used 20990K [0x00000006fae00000, 0x00000006fc300000, 0x0000000700000000)
  object space 21504K, 97% used [0x00000006fae00000,0x00000006fc27fbc0,0x00000006fc300000)
}
Event: 25.471 GC heap before
{Heap before GC invocations=3 (full 0):
 PSYoungGen      total 76800K, used 76791K [0x00000007aaa80000, 0x00000007b0000000, 0x0000000800000000)
  eden space 66048K, 100% used [0x00000007aaa80000,0x00000007aeb00000,0x00000007aeb00000)
  from space 10752K, 99% used [0x00000007af580000,0x00000007afffdd30,0x00000007b0000000)
  to   space 10752K, 0% used [0x00000007aeb00000,0x00000007aeb00000,0x00000007af580000)
 ParOldGen       total 174592K, used 319K [0x0000000700000000, 0x000000070aa80000, 0x00000007aaa80000)
  object space 174592K, 0% used [0x0000000700000000,0x000000070004fd90,0x000000070aa80000)
 PSPermGen       total 29696K, used 29267K [0x00000006fae00000, 0x00000006fcb00000, 0x0000000700000000)
  object space 29696K, 98% used [0x00000006fae00000,0x00000006fca94c60,0x00000006fcb00000)
Event: 25.489 GC heap after
Heap after GC invocations=3 (full 0):
 PSYoungGen      total 76800K, used 10736K [0x00000007aaa80000, 0x00000007b0000000, 0x0000000800000000)
  eden space 66048K, 0% used [0x00000007aaa80000,0x00000007aaa80000,0x00000007aeb00000)
  from space 10752K, 99% used [0x00000007aeb00000,0x00000007af57c0d0,0x00000007af580000)
  to   space 10752K, 0% used [0x00000007af580000,0x00000007af580000,0x00000007b0000000)
 ParOldGen       total 174592K, used 7221K [0x0000000700000000, 0x000000070aa80000, 0x00000007aaa80000)
  object space 174592K, 4% used [0x0000000700000000,0x000000070070d5e0,0x000000070aa80000)
 PSPermGen       total 29696K, used 29267K [0x00000006fae00000, 0x00000006fcb00000, 0x0000000700000000)
  object space 29696K, 98% used [0x00000006fae00000,0x00000006fca94c60,0x00000006fcb00000)
}
Event: 27.341 GC heap before
{Heap before GC invocations=4 (full 0):
 PSYoungGen      total 76800K, used 76784K [0x00000007aaa80000, 0x00000007b0000000, 0x0000000800000000)
  eden space 66048K, 100% used [0x00000007aaa80000,0x00000007aeb00000,0x00000007aeb00000)
  from space 10752K, 99% used [0x00000007aeb00000,0x00000007af57c0d0,0x00000007af580000)
  to   space 10752K, 0% used [0x00000007af580000,0x00000007af580000,0x00000007b0000000)
 ParOldGen       total 174592K, used 7221K [0x0000000700000000, 0x000000070aa80000, 0x00000007aaa80000)
  object space 174592K, 4% used [0x0000000700000000,0x000000070070d5e0,0x000000070aa80000)
 PSPermGen       total 37376K, used 37196K [0x00000006fae00000, 0x00000006fd280000, 0x0000000700000000)
  object space 37376K, 99% used [0x00000006fae00000,0x00000006fd253060,0x00000006fd280000)
Event: 27.361 GC heap after
Heap after GC invocations=4 (full 0):
 PSYoungGen      total 76800K, used 10745K [0x00000007aaa80000, 0x00000007b0000000, 0x0000000800000000)
  eden space 66048K, 0% used [0x00000007aaa80000,0x00000007aaa80000,0x00000007aeb00000)
  from space 10752K, 99% used [0x00000007af580000,0x00000007afffe658,0x00000007b0000000)
  to   space 10752K, 0% used [0x00000007aeb00000,0x00000007aeb00000,0x00000007af580000)
 ParOldGen       total 174592K, used 16129K [0x0000000700000000, 0x000000070aa80000, 0x00000007aaa80000)
  object space 174592K, 9% used [0x0000000700000000,0x0000000700fc0450,0x000000070aa80000)
 PSPermGen       total 37376K, used 37196K [0x00000006fae00000, 0x00000006fd280000, 0x0000000700000000)
  object space 37376K, 99% used [0x00000006fae00000,0x00000006fd253060,0x00000006fd280000)
}
Event: 67.810 GC heap before
{Heap before GC invocations=5 (full 0):
 PSYoungGen      total 76800K, used 76793K [0x00000007aaa80000, 0x00000007b0000000, 0x0000000800000000)
  eden space 66048K, 100% used [0x00000007aaa80000,0x00000007aeb00000,0x00000007aeb00000)
  from space 10752K, 99% used [0x00000007af580000,0x00000007afffe658,0x00000007b0000000)
  to   space 10752K, 0% used [0x00000007aeb00000,0x00000007aeb00000,0x00000007af580000)
 ParOldGen       total 174592K, used 16129K [0x0000000700000000, 0x000000070aa80000, 0x00000007aaa80000)
  object space 174592K, 9% used [0x0000000700000000,0x0000000700fc0450,0x000000070aa80000)
 PSPermGen       total 38912K, used 38783K [0x00000006fae00000, 0x00000006fd400000, 0x0000000700000000)
  object space 38912K, 99% used [0x00000006fae00000,0x00000006fd3dff80,0x00000006fd400000)
Event: 67.830 GC heap after
Heap after GC invocations=5 (full 0):
 PSYoungGen      total 75264K, used 10750K [0x00000007aaa80000, 0x00000007b1580000, 0x0000000800000000)
  eden space 64512K, 0% used [0x00000007aaa80000,0x00000007aaa80000,0x00000007ae980000)
  from space 10752K, 99% used [0x00000007aeb00000,0x00000007af57fb60,0x00000007af580000)
  to   space 22528K, 0% used [0x00000007aff80000,0x00000007aff80000,0x00000007b1580000)
 ParOldGen       total 174592K, used 20641K [0x0000000700000000, 0x000000070aa80000, 0x00000007aaa80000)
  object space 174592K, 11% used [0x0000000700000000,0x00000007014286e8,0x000000070aa80000)
 PSPermGen       total 38912K, used 38783K [0x00000006fae00000, 0x00000006fd400000, 0x0000000700000000)
  object space 38912K, 99% used [0x00000006fae00000,0x00000006fd3dff80,0x00000006fd400000)
}
Event: 691.486 GC heap before
{Heap before GC invocations=6 (full 0):
 PSYoungGen      total 75264K, used 75262K [0x00000007aaa80000, 0x00000007b1580000, 0x0000000800000000)
  eden space 64512K, 100% used [0x00000007aaa80000,0x00000007ae980000,0x00000007ae980000)
  from space 10752K, 99% used [0x00000007aeb00000,0x00000007af57fb60,0x00000007af580000)
  to   space 22528K, 0% used [0x00000007aff80000,0x00000007aff80000,0x00000007b1580000)
 ParOldGen       total 174592K, used 20641K [0x0000000700000000, 0x000000070aa80000, 0x00000007aaa80000)
  object space 174592K, 11% used [0x0000000700000000,0x00000007014286e8,0x000000070aa80000)
 PSPermGen       total 39936K, used 39753K [0x00000006fae00000, 0x00000006fd500000, 0x0000000700000000)
  object space 39936K, 99% used [0x00000006fae00000,0x00000006fd4d26b0,0x00000006fd500000)
Event: 691.504 GC heap after
Heap after GC invocations=6 (full 0):
 PSYoungGen      total 83968K, used 17293K [0x00000007aaa80000, 0x00000007b1400000, 0x0000000800000000)
  eden space 62976K, 0% used [0x00000007aaa80000,0x00000007aaa80000,0x00000007ae800000)
  from space 20992K, 82% used [0x00000007aff80000,0x00000007b1063768,0x00000007b1400000)
  to   space 22528K, 0% used [0x00000007ae800000,0x00000007ae800000,0x00000007afe00000)
 ParOldGen       total 174592K, used 20649K [0x0000000700000000, 0x000000070aa80000, 0x00000007aaa80000)
  object space 174592K, 11% used [0x0000000700000000,0x000000070142a6e8,0x000000070aa80000)
 PSPermGen       total 39936K, used 39753K [0x00000006fae00000, 0x00000006fd500000, 0x0000000700000000)
  object space 39936K, 99% used [0x00000006fae00000,0x00000006fd4d26b0,0x00000006fd500000)
}

