# JRE version: Java(TM) SE Runtime Environment (7.0_60-b19) (build 1.7.0_60-b19)
# Java VM: Java HotSpot(TM) 64-Bit Server VM (24.60-b09 mixed mode bsd-amd64 compressed oops)
Heap
 PSYoungGen      total 76800K, used 51006K [0x00000007aaa80000, 0x00000007b0000000, 0x0000000800000000)
  eden space 66048K, 60% used [0x00000007aaa80000,0x00000007ad1d4af0,0x00000007aeb00000)
  from space 10752K, 99% used [0x00000007af580000,0x00000007afffaea0,0x00000007b0000000)
  to   space 10752K, 0% used [0x00000007aeb00000,0x00000007aeb00000,0x00000007af580000)
 ParOldGen       total 174592K, used 758K [0x0000000700000000, 0x000000070aa80000, 0x00000007aaa80000)
  object space 174592K, 0% used [0x0000000700000000,0x00000007000bd900,0x000000070aa80000)
 PSPermGen       total 25088K, used 24697K [0x00000006fae00000, 0x00000006fc680000, 0x0000000700000000)
  object space 25088K, 98% used [0x00000006fae00000,0x00000006fc61e6b0,0x00000006fc680000)
GC Heap History (4 events):
Event: 1.416 GC heap before
{Heap before GC invocations=1 (full 0):
 PSYoungGen      total 76800K, used 66048K [0x00000007aaa80000, 0x00000007b0000000, 0x0000000800000000)
  eden space 66048K, 100% used [0x00000007aaa80000,0x00000007aeb00000,0x00000007aeb00000)
  from space 10752K, 0% used [0x00000007af580000,0x00000007af580000,0x00000007b0000000)
  to   space 10752K, 0% used [0x00000007aeb00000,0x00000007aeb00000,0x00000007af580000)
 ParOldGen       total 174592K, used 0K [0x0000000700000000, 0x000000070aa80000, 0x00000007aaa80000)
  object space 174592K, 0% used [0x0000000700000000,0x0000000700000000,0x000000070aa80000)
 PSPermGen       total 21504K, used 13384K [0x00000006fae00000, 0x00000006fc300000, 0x0000000700000000)
  object space 21504K, 62% used [0x00000006fae00000,0x00000006fbb122b8,0x00000006fc300000)
Event: 1.429 GC heap after
Heap after GC invocations=1 (full 0):
 PSYoungGen      total 76800K, used 8443K [0x00000007aaa80000, 0x00000007b0000000, 0x0000000800000000)
  eden space 66048K, 0% used [0x00000007aaa80000,0x00000007aaa80000,0x00000007aeb00000)
  from space 10752K, 78% used [0x00000007aeb00000,0x00000007af33ed10,0x00000007af580000)
  to   space 10752K, 0% used [0x00000007af580000,0x00000007af580000,0x00000007b0000000)
 ParOldGen       total 174592K, used 8K [0x0000000700000000, 0x000000070aa80000, 0x00000007aaa80000)
  object space 174592K, 0% used [0x0000000700000000,0x0000000700002000,0x000000070aa80000)
 PSPermGen       total 21504K, used 13384K [0x00000006fae00000, 0x00000006fc300000, 0x0000000700000000)
  object space 21504K, 62% used [0x00000006fae00000,0x00000006fbb122b8,0x00000006fc300000)
}
Event: 3.960 GC heap before
{Heap before GC invocations=2 (full 0):
 PSYoungGen      total 76800K, used 74491K [0x00000007aaa80000, 0x00000007b0000000, 0x0000000800000000)
  eden space 66048K, 100% used [0x00000007aaa80000,0x00000007aeb00000,0x00000007aeb00000)
  from space 10752K, 78% used [0x00000007aeb00000,0x00000007af33ed10,0x00000007af580000)
  to   space 10752K, 0% used [0x00000007af580000,0x00000007af580000,0x00000007b0000000)
 ParOldGen       total 174592K, used 8K [0x0000000700000000, 0x000000070aa80000, 0x00000007aaa80000)
  object space 174592K, 0% used [0x0000000700000000,0x0000000700002000,0x000000070aa80000)
 PSPermGen       total 21504K, used 21254K [0x00000006fae00000, 0x00000006fc300000, 0x0000000700000000)
  object space 21504K, 98% used [0x00000006fae00000,0x00000006fc2c1a70,0x00000006fc300000)
Event: 3.973 GC heap after
Heap after GC invocations=2 (full 0):
 PSYoungGen      total 76800K, used 10731K [0x00000007aaa80000, 0x00000007b0000000, 0x0000000800000000)
  eden space 66048K, 0% used [0x00000007aaa80000,0x00000007aaa80000,0x00000007aeb00000)
  from space 10752K, 99% used [0x00000007af580000,0x00000007afffaea0,0x00000007b0000000)
  to   space 10752K, 0% used [0x00000007aeb00000,0x00000007aeb00000,0x00000007af580000)
 ParOldGen       total 174592K, used 758K [0x0000000700000000, 0x000000070aa80000, 0x00000007aaa80000)
  object space 174592K, 0% used [0x0000000700000000,0x00000007000bd900,0x000000070aa80000)
 PSPermGen       total 21504K, used 21254K [0x00000006fae00000, 0x00000006fc300000, 0x0000000700000000)
  object space 21504K, 98% used [0x00000006fae00000,0x00000006fc2c1a70,0x00000006fc300000)
}

